0 info it worked if it ends with ok
1 verbose cli [ 'node',
1 verbose cli   'C:\\Users\\dpickering\\AppData\\Roaming\\npm\\node_modules\\npm\\bin\\npm-cli.js',
1 verbose cli   'install',
1 verbose cli   '-g',
1 verbose cli   'n' ]
2 info using npm@3.7.3
3 info using node@v0.10.32
4 silly loadCurrentTree Starting
5 silly install loadCurrentTree
6 silly install readGlobalPackageData
7 silly fetchPackageMetaData n
8 silly fetchNamedPackageData n
9 silly mapToRegistry name n
10 silly mapToRegistry using default registry
11 silly mapToRegistry registry https://registry.npmjs.org/
12 silly mapToRegistry uri https://registry.npmjs.org/n
13 verbose get https://registry.npmjs.org/n not expired, no request
14 silly install normalizeTree
15 silly loadCurrentTree Finishing
16 silly loadIdealTree Starting
17 silly install loadIdealTree
18 silly cloneCurrentTree Starting
19 silly install cloneCurrentTreeToIdealTree
20 silly cloneCurrentTree Finishing
21 silly loadShrinkwrap Starting
22 silly install loadShrinkwrap
23 silly loadShrinkwrap Finishing
24 silly loadAllDepsIntoIdealTree Starting
25 silly install loadAllDepsIntoIdealTree
26 silly rollbackFailedOptional Starting
27 silly rollbackFailedOptional Finishing
28 silly runTopLevelLifecycles Starting
29 silly runTopLevelLifecycles Finishing
30 silly install printInstalled
31 verbose stack Error: Unsupported platform for n@2.1.0: wanted {"name":"n","description":"Interactively Manage All Your Node Versions","version":"2.1.0","author":{"name":"TJ Holowaychuk","email":"tj@vision-media.ca"},"homepage":"https://github.com/tj/n","bugs":{"url":"https://github.com/tj/n/issues"},"contributors":[{"name":"Travis Webb","email":"me@traviswebb.com","url":"tjw.io"},{"name":"Nimit Kalra","email":"me@nimit.io","url":"http://nimit.io"},{"name":"Troy Connor","email":"troy0820@gmail.com","url":"https://github.com/troy0820"}],"keywords":["nvm","node","version","manager","switcher","node","binary","env"],"bin":{"n":"./bin/n"},"repository":{"type":"git","url":"git://github.com/tj/n.git"},"preferGlobal":true,"os":["!win32"],"engines":{"node":"*"},"license":"MIT","gitHead":"17ef0bf936c9ddb57b174d79f81ae04d8257883e","_id":"n@2.1.0","scripts":{},"_npmVersion":"3.3.12","_nodeVersion":"5.3.0","_npmUser":{"name":"qw3rtman","email":"me@nimit.io"},"dist":{"shasum":"4fc736dc18291e464c79fda9ef8faf21e6e1a679","tarball":"http://registry.npmjs.org/n/-/n-2.1.0.tgz"},"maintainers":[{"name":"bat","email":"ben@benatkin.com"},{"name":"qw3rtman","email":"nimit@nimitkalra.com"},{"name":"tedgaydos","email":"tedgaydos@gmail.com"},{"name":"tjholowaychuk","email":"tj@vision-media.ca"},{"name":"tjwebb","email":"me@traviswebb.com"},{"name":"troy0820","email":"troy.connor@yahoo.com"}],"directories":{},"_requested":{"raw":"n","scope":null,"name":"n","rawSpec":"","spec":"latest","type":"tag"},"_spec":"n","_where":"","_args":[["n",""]],"readme":"ERROR: No README data found!"} (current: {"os":"win32","cpu":"x64"})
31 verbose stack     at checkPlatform (C:\Users\dpickering\AppData\Roaming\npm\node_modules\npm\node_modules\npm-install-checks\index.js:45:14)
31 verbose stack     at thenWarnEngineIssues (C:\Users\dpickering\AppData\Roaming\npm\node_modules\npm\lib\install\validate-args.js:41:5)
31 verbose stack     at C:\Users\dpickering\AppData\Roaming\npm\node_modules\npm\node_modules\iferr\index.js:13:50
31 verbose stack     at checkEngine (C:\Users\dpickering\AppData\Roaming\npm\node_modules\npm\node_modules\npm-install-checks\index.js:24:10)
31 verbose stack     at module.exports.isInstallable (C:\Users\dpickering\AppData\Roaming\npm\node_modules\npm\lib\install\validate-args.js:38:3)
31 verbose stack     at Array.1 (C:\Users\dpickering\AppData\Roaming\npm\node_modules\npm\node_modules\slide\lib\bind-actor.js:15:8)
31 verbose stack     at LOOP (C:\Users\dpickering\AppData\Roaming\npm\node_modules\npm\node_modules\slide\lib\chain.js:15:14)
31 verbose stack     at C:\Users\dpickering\AppData\Roaming\npm\node_modules\npm\node_modules\slide\lib\chain.js:18:7
31 verbose stack     at checkSelf (C:\Users\dpickering\AppData\Roaming\npm\node_modules\npm\lib\install\validate-args.js:46:72)
31 verbose stack     at Array.0 (C:\Users\dpickering\AppData\Roaming\npm\node_modules\npm\node_modules\slide\lib\bind-actor.js:15:8)
32 verbose pkgid n@2.1.0
33 verbose cwd C:\Users\dpickering\Projects\github\reactwebpack
34 error Windows_NT 6.1.7601
35 error argv "node" "C:\\Users\\dpickering\\AppData\\Roaming\\npm\\node_modules\\npm\\bin\\npm-cli.js" "install" "-g" "n"
36 error node v0.10.32
37 error npm  v3.7.3
38 error code EBADPLATFORM
39 error notsup Not compatible with your operating system or architecture: n@2.1.0
40 error notsup Valid OS:    !win32
40 error notsup Valid Arch:  any
40 error notsup Actual OS:   win32
40 error notsup Actual Arch: x64
41 verbose exit [ 1, true ]
